2017-02-22 11:53:42,033 [main] INFO  [org.springframework.beans.factory.annotation.AutowiredAnnotationBeanPostProcessor] [AutowiredAnnotationBeanPostProcessor.java:153]
                [trace=,span=,parent=,name=,app=,begintime=,endtime=]
                - JSR-330 'javax.inject.Inject' annotation found and supported for autowiring
2017-02-22 11:53:42,207 [main] INFO  [org.springframework.context.support.PostProcessorRegistrationDelegate$BeanPostProcessorChecker] [PostProcessorRegistrationDelegate.java:328]
                [trace=,span=,parent=,name=,app=,begintime=,endtime=]
                - Bean 'configurationPropertiesRebinderAutoConfiguration' of type [class org.springframework.cloud.autoconfigure.ConfigurationPropertiesRebinderAutoConfiguration$$EnhancerBySpringCGLIB$$70c32561] is not eligible for getting processed by all BeanPostProcessors (for example: not eligible for auto-proxying)
2017-02-22 11:53:44,046 [main] INFO  [org.springframework.cloud.config.client.ConfigServicePropertySourceLocator] [ConfigServicePropertySourceLocator.java:73]
                [trace=,span=,parent=,name=,app=,begintime=,endtime=]
                - Fetching config from server at: http://msc.zhonganonline.com:8888
2017-02-22 11:53:46,485 [main] INFO  [org.springframework.cloud.config.client.ConfigServicePropertySourceLocator] [ConfigServicePropertySourceLocator.java:83]
                [trace=,span=,parent=,name=,app=,begintime=,endtime=]
                - Located environment: name=icare-message, profiles=[default], label=dev, version=19014
2017-02-22 11:53:46,486 [main] INFO  [org.springframework.cloud.bootstrap.config.PropertySourceBootstrapConfiguration] [PropertySourceBootstrapConfiguration.java:93]
                [trace=,span=,parent=,name=,app=,begintime=,endtime=]
                - Located property source: CompositePropertySource [name='configService', propertySources=[MapPropertySource [name='http://10.253.101.99:8888/repos/zis/microservices/app/config/file:/alidata1/admin/confignew/dev/icare-message.yml']]]
2017-02-22 13:41:33,815 [main] INFO  [org.springframework.beans.factory.annotation.AutowiredAnnotationBeanPostProcessor] [AutowiredAnnotationBeanPostProcessor.java:153]
                [trace=,span=,parent=,name=,app=,begintime=,endtime=]
                - JSR-330 'javax.inject.Inject' annotation found and supported for autowiring
2017-02-22 13:41:33,923 [main] INFO  [org.springframework.context.support.PostProcessorRegistrationDelegate$BeanPostProcessorChecker] [PostProcessorRegistrationDelegate.java:328]
                [trace=,span=,parent=,name=,app=,begintime=,endtime=]
                - Bean 'configurationPropertiesRebinderAutoConfiguration' of type [class org.springframework.cloud.autoconfigure.ConfigurationPropertiesRebinderAutoConfiguration$$EnhancerBySpringCGLIB$$32868644] is not eligible for getting processed by all BeanPostProcessors (for example: not eligible for auto-proxying)
2017-02-22 13:41:35,322 [main] INFO  [org.springframework.cloud.config.client.ConfigServicePropertySourceLocator] [ConfigServicePropertySourceLocator.java:73]
                [trace=,span=,parent=,name=,app=,begintime=,endtime=]
                - Fetching config from server at: http://msc.zhonganonline.com:8888
2017-02-22 13:41:36,444 [main] INFO  [org.springframework.cloud.config.client.ConfigServicePropertySourceLocator] [ConfigServicePropertySourceLocator.java:83]
                [trace=,span=,parent=,name=,app=,begintime=,endtime=]
                - Located environment: name=icare-message, profiles=[default], label=dev, version=19021
2017-02-22 13:41:36,444 [main] INFO  [org.springframework.cloud.bootstrap.config.PropertySourceBootstrapConfiguration] [PropertySourceBootstrapConfiguration.java:93]
                [trace=,span=,parent=,name=,app=,begintime=,endtime=]
                - Located property source: CompositePropertySource [name='configService', propertySources=[MapPropertySource [name='http://10.253.101.99:8888/repos/zis/microservices/app/config/file:/alidata1/admin/confignew/dev/icare-message.yml']]]
